Traceback (most recent call last):
  File "/home/gitpod/miniconda3/bin/dpt-isa-to-runsheet", line 8, in <module>
    sys.exit(main())
  File "/home/gitpod/miniconda3/lib/python3.10/site-packages/dp_tools/scripts/convert.py", line 182, in main
    isa_to_runsheet(args.accession, Path(args.isa_archive), config)
  File "/home/gitpod/miniconda3/lib/python3.10/site-packages/dp_tools/scripts/convert.py", line 310, in isa_to_runsheet
    values2 = values.applymap(
  File "/home/gitpod/miniconda3/lib/python3.10/site-packages/pandas/core/frame.py", line 8930, in applymap
    return self.apply(infer).__finalize__(self, "applymap")
  File "/home/gitpod/miniconda3/lib/python3.10/site-packages/pandas/core/frame.py", line 8845, in apply
    return op.apply().__finalize__(self, method="apply")
  File "/home/gitpod/miniconda3/lib/python3.10/site-packages/pandas/core/apply.py", line 733, in apply
    return self.apply_standard()
  File "/home/gitpod/miniconda3/lib/python3.10/site-packages/pandas/core/apply.py", line 857, in apply_standard
    results, res_index = self.apply_series_generator()
  File "/home/gitpod/miniconda3/lib/python3.10/site-packages/pandas/core/apply.py", line 873, in apply_series_generator
    results[i] = self.f(v)
  File "/home/gitpod/miniconda3/lib/python3.10/site-packages/pandas/core/frame.py", line 8928, in infer
    return lib.map_infer(x.astype(object)._values, func, ignore_na=ignore_na)
  File "pandas/_libs/lib.pyx", line 2870, in pandas._libs.lib.map_infer
  File "/home/gitpod/miniconda3/lib/python3.10/site-packages/dp_tools/scripts/convert.py", line 311, in <lambda>
    lambda filename: retrieve_file_url(
  File "/home/gitpod/miniconda3/lib/python3.10/site-packages/dp_tools/glds_api/commons.py", line 68, in retrieve_file_url
    raise ValueError(
ValueError: Could not find filename: 'GLDS-138_rna_seq_Bsub_168_cells_FLT_Rep1_FLT_BS-A1_R1_raw.fastq.gz'. Here as are found filenames for 'GLDS-138': '['GLDS-138_rna_seq_Bsub_168_cells_GC_Rep4_BS-A4_R1_raw_fastqc.html'
 'GLDS-138_rna_seq_Bsub_168_cells_GC_Rep5_BS-A5_R1_raw_fastqc.html'
 'GLDS-138_rna_seq_Bsub_168_cells_FLT_Rep3_BS-A3_R1_raw_fastqc.zip'
 'GLDS-138_rna_seq_Bsub_168_cells_GC_Rep2_BS-A2_R1_raw_fastqc.zip'
 'GLDS-138_rna_seq_Bsub_168_cells_GC_Rep9_BS-C4_R1_raw_fastqc.html'
 'GLDS-138_rna_seq_Bsub_168_cells_FLT_Rep8_BS-C3_R1_raw_fastqc.html'
 'GLDS-138_rna_seq_Bsub_168_cells_FLT_Rep2_BS-A2_R1_raw_fastqc.zip'
 'GLDS-138_rna_seq_Bsub_168_cells_GC_Rep6_BS-C1_R1_raw_fastqc.html'
 'GLDS-138_rna_seq_Bsub_168_cells_GC_Rep3_BS-A3_R1_raw_fastqc.html'
 'GLDS-138_rna_seq_Bsub_168_cells_FLT_Rep4_BS-A4_R1_raw_fastqc.zip'
 'GLDS-138_rna_seq_Bsub_168_cells_GC_Rep9_BS-C4_R1_raw_fastqc.zip'
 'GLDS-138_rna_seq_Bsub_168_cells_FLT_Rep8_BS-C3_R1_raw_fastqc.zip'
 'GLDS-138_rna_seq_Bsub_168_cells_GC_Rep8_BS-C3_R1_raw_fastqc.zip'
 'GLDS-138_rna_seq_Bsub_168_cells_GC_Rep5_BS-A5_R1_trimmed.fastq.gz'
 'GLDS-138_rna_seq_Bsub_168_cells_FLT_Rep3_BS-A3_R1_raw_fastqc.html'
 'GLDS-138_rna_seq_Bsub_168_cells_GC_Rep4_BS-A4_R1_raw_fastqc.zip'
 'GLDS-138_rna_seq_Bsub_168_cells_FLT_Rep1_BS-A1_R1_raw_fastqc.zip'
 'GLDS-138_rna_seq_Bsub_168_cells_GC_Rep3_BS-A3_R1_raw_fastqc.zip'
 'GLDS-138_rna_seq_Bsub_168_cells_GC_Rep8_BS-C3_R1_raw_fastqc.html'
 'GLDS-138_rna_seq_Bsub_168_cells_FLT_Rep9_BS-C4_R1_raw_fastqc.html'
 'GLDS-138_rna_seq_Bsub_168_cells_FLT_Rep6_BS-C1_R1_raw_fastqc.html'
 'GLDS-138_rna_seq_Bsub_168_cells_FLT_Rep5_BS-A5_R1_raw_fastqc.html'
 'GLDS-138_rna_seq_Bsub_168_cells_GC_Rep7_BS-C2_R1_raw_fastqc.html'
 'GLDS-138_rna_seq_Bsub_168_cells_FLT_Rep2_BS-A2_R1_raw_fastqc.html'
 'GLDS-138_rna_seq_Bsub_168_cells_GC_Rep2_BS-A2_R1_raw_fastqc.html'
 'GLDS-138_rna_seq_Bsub_168_cells_FLT_Rep1_BS-A1_R1_raw_fastqc.html'
 'GLDS-138_rna_seq_Bsub_168_cells_GC_Rep1_BS-A1_R1_raw_fastqc.zip'
 'GLDS-138_rna_seq_Bsub_168_cells_FLT_Rep7_BS-C2_R1_raw_fastqc.html'
 'GLDS-138_rna_seq_Bsub_168_cells_FLT_Rep7_BS-C2_R1_raw_fastqc.zip'
 'GLDS-138_rna_seq_Bsub_168_cells_FLT_Rep6_BS-C1_R1_raw_fastqc.zip'
 'GLDS-138_rna_seq_Bsub_168_cells_GC_Rep1_BS-A1_R1_raw_fastqc.html'
 'GLDS-138_rna_seq_Bsub_168_cells_FLT_Rep4_BS-A4_R1_raw_fastqc.html'
 'GLDS-138_rna_seq_Bsub_168_cells_GC_Rep5_BS-A5_R1_raw_fastqc.zip'
 'GLDS-138_rna_seq_Bsub_168_cells_FLT_Rep9_BS-C4_R1_raw_fastqc.zip'
 'GLDS-138_rna_seq_Bsub_168_cells_GC_Rep7_BS-C2_R1_raw_fastqc.zip'
 'GLDS-138_rna_seq_Bsub_168_cells_GC_Rep6_BS-C1_R1_raw_fastqc.zip'
 'GLDS-138_rna_seq_Bsub_168_cells_FLT_Rep1_BS-A1_R1_trimmed_fastqc.zip'
 'GLDS-138_rna_seq_Bsub_168_cells_GC_Rep3_BS-A3_R1_trimmed_fastqc.html'
 'GLDS-138_rna_seq_Bsub_168_cells_FLT_Rep5_BS-A5_R1_trimmed_fastqc.html'
 'GLDS-138_rna_seq_Bsub_168_cells_FLT_Rep3_BS-A3_R1_trimmed_fastqc.zip'
 'GLDS-138_rna_seq_Bsub_168_cells_GC_Rep1_BS-A1_R1_trimmed_fastqc.html'
 'GLDS-138_rna_seq_Bsub_168_cells_GC_Rep5_BS-A5_R1_trimmed_fastqc.html'
 'GLDS-138_rna_seq_Bsub_168_cells_GC_Rep7_BS-C2_R1_trimmed_fastqc.html'
 'GLDS-138_rna_seq_Bsub_168_cells_FLT_Rep4_BS-A4_R1_trimmed_fastqc.zip'
 'GLDS-138_rna_seq_Bsub_168_cells_FLT_Rep2_BS-A2_R1_trimmed_fastqc.html'
 'GLDS-138_rna_seq_Bsub_168_cells_GC_Rep1_BS-A1_R1_trimmed_fastqc.zip'
 'GLDS-138_rna_seq_Bsub_168_cells_GC_Rep7_BS-C2_R1_trimmed_fastqc.zip'
 'GLDS-138_rna_seq_Bsub_168_cells_GC_Rep3_BS-A3_R1_trimmed_fastqc.zip'
 'GLDS-138_rna_seq_Bsub_168_cells_GC_Rep6_BS-C1_R1_trimmed_fastqc.html'
 'GLDS-138_rna_seq_Bsub_168_cells_FLT_Rep8_BS-C3_R1_trimmed_fastqc.zip'
 'GLDS-138_rna_seq_Bsub_168_cells_FLT_Rep6_BS-C1_R1_trimmed_fastqc.zip'
 'GLDS-138_rna_seq_Bsub_168_cells_GC_Rep8_BS-C3_R1_trimmed_fastqc.html'
 'GLDS-138_rna_seq_Bsub_168_cells_FLT_Rep1_BS-A1_R1_trimmed_fastqc.html'
 'GLDS-138_rna_seq_Bsub_168_cells_GC_Rep2_BS-A2_R1_trimmed_fastqc.zip'
 'GLDS-138_rna_seq_Bsub_168_cells_GC_Rep9_BS-C4_R1_trimmed_fastqc.zip'
 'GLDS-138_rna_seq_Bsub_168_cells_GC_Rep4_BS-A4_R1_trimmed_fastqc.zip'
 'GLDS-138_rna_seq_Bsub_168_cells_GC_Rep2_BS-A2_R1_trimmed_fastqc.html'
 'GLDS-138_rna_seq_Bsub_168_cells_GC_Rep6_BS-C1_R1_trimmed_fastqc.zip'
 'GLDS-138_rna_seq_Bsub_168_cells_FLT_Rep6_BS-C1_R1_trimmed_fastqc.html'
 'GLDS-138_rna_seq_Bsub_168_cells_FLT_Rep7_BS-C2_R1_trimmed_fastqc.html'
 'GLDS-138_rna_seq_Bsub_168_cells_GC_Rep8_BS-C3_R1_trimmed_fastqc.zip'
 'GLDS-138_rna_seq_Bsub_168_cells_FLT_Rep7_BS-C2_R1_trimmed_fastqc.zip'
 'GLDS-138_rna_seq_Bsub_168_cells_FLT_Rep5_BS-A5_R1_trimmed_fastqc.zip'
 'GLDS-138_rna_seq_Bsub_168_cells_GC_Rep5_BS-A5_R1_trimmed_fastqc.zip'
 'GLDS-138_rna_seq_Bsub_168_cells_FLT_Rep9_BS-C4_R1_trimmed_fastqc.html'
 'GLDS-138_rna_seq_Bsub_168_cells_GC_Rep9_BS-C4_R1_trimmed_fastqc.html'
 'GLDS-138_rna_seq_Bsub_168_cells_FLT_Rep2_BS-A2_R1_trimmed_fastqc.zip'
 'GLDS-138_rna_seq_Bsub_168_cells_FLT_Rep3_BS-A3_R1_trimmed_fastqc.html'
 'GLDS-138_rna_seq_Bsub_168_cells_FLT_Rep8_BS-C3_R1_trimmed_fastqc.html'
 'GLDS-138_rna_seq_Bsub_168_cells_FLT_Rep9_BS-C4_R1_trimmed_fastqc.zip'
 'GLDS-138_rna_seq_Bsub_168_cells_FLT_Rep4_BS-A4_R1_trimmed_fastqc.html'
 'GLDS-138_rna_seq_Bsub_168_cells_GC_Rep4_BS-A4_R1_trimmed_fastqc.html'
 'GLDS-138_rna_seq_raw_multiqc_report.html'
 'GLDS-138_rna_seq_Bsub_168_cells_FLT_Rep5_BS-A5_R1_raw.fastq.gz_trimming_report.txt'
 'GLDS-138_rna_seq_Bsub_168_cells_GC_Rep4_BS-A4_R1_raw.fastq.gz_trimming_report.txt'
 'GLDS-138_rna_seq_Bsub_168_cells_GC_Rep2_BS-A2_R1_raw.fastq.gz_trimming_report.txt'
 'GLDS-138_rna_seq_Bsub_168_cells_FLT_Rep6_BS-C1_R1_raw.fastq.gz_trimming_report.txt'
 'GLDS-138_rna_seq_Bsub_168_cells_GC_Rep6_BS-C1_R1_raw.fastq.gz_trimming_report.txt'
 'GLDS-138_rna_seq_Bsub_168_cells_GC_Rep9_BS-C4_R1_raw.fastq.gz_trimming_report.txt'
 'GLDS-138_rna_seq_Bsub_168_cells_GC_Rep7_BS-C2_R1_raw.fastq.gz_trimming_report.txt'
 'GLDS-138_rna_seq_Bsub_168_cells_FLT_Rep3_BS-A3_R1_raw.fastq.gz_trimming_report.txt'
 'GLDS-138_rna_seq_Bsub_168_cells_GC_Rep1_BS-A1_R1_raw.fastq.gz_trimming_report.txt'
 'GLDS-138_rna_seq_Bsub_168_cells_GC_Rep5_BS-A5_R1_raw.fastq.gz_trimming_report.txt'
 'GLDS-138_rna_seq_Bsub_168_cells_FLT_Rep8_BS-C3_R1_raw.fastq.gz_trimming_report.txt'
 'GLDS-138_rna_seq_Bsub_168_cells_GC_Rep3_BS-A3_R1_raw.fastq.gz_trimming_report.txt'
 'GLDS-138_rna_seq_Bsub_168_cells_FLT_Rep9_BS-C4_R1_raw.fastq.gz_trimming_report.txt'
 'GLDS-138_rna_seq_Bsub_168_cells_FLT_Rep2_BS-A2_R1_raw.fastq.gz_trimming_report.txt'
 'GLDS-138_rna_seq_Bsub_168_cells_FLT_Rep7_BS-C2_R1_raw.fastq.gz_trimming_report.txt'
 'GLDS-138_rna_seq_Bsub_168_cells_FLT_Rep1_BS-A1_R1_raw.fastq.gz_trimming_report.txt'
 'GLDS-138_rna_seq_Bsub_168_cells_GC_Rep8_BS-C3_R1_raw.fastq.gz_trimming_report.txt'
 'GLDS-138_rna_seq_Bsub_168_cells_FLT_Rep4_BS-A4_R1_raw.fastq.gz_trimming_report.txt'
 'GLDS-138_metadata_BRIC23_Bacillus-ISA.zip'
 'GLDS-138_transcriptomics_FLT-BS-A1-RNA.tar.gz'
 'GLDS-138_transcriptomics_FLT-BS-A2-RNA.tar.gz'
 'GLDS-138_transcriptomics_FLT-BS-A3-RNA.tar.gz'
 'GLDS-138_transcriptomics_FLT-BS-A4-RNA.tar.gz'
 'GLDS-138_transcriptomics_FLT-BS-A5-RNA.tar.gz'
 'GLDS-138_transcriptomics_FLT-BS-C1-RNA.tar.gz'
 'GLDS-138_transcriptomics_FLT-BS-C2-RNA.tar.gz'
 'GLDS-138_transcriptomics_FLT-BS-C3-RNA.tar.gz'
 'GLDS-138_transcriptomics_FLT-BS-C4-RNA.tar.gz'
 'GLDS-138_transcriptomics_GC-BS-A1-RNA.tar.gz'
 'GLDS-138_transcriptomics_GC-BS-A2-RNA.tar.gz'
 'GLDS-138_transcriptomics_GC-BS-A3-RNA.tar.gz'
 'GLDS-138_transcriptomics_GC-BS-A4-RNA.tar.gz'
 'GLDS-138_transcriptomics_GC-BS-A5-RNA.tar.gz'
 'GLDS-138_transcriptomics_GC-BS-C1-RNA.tar.gz'
 'GLDS-138_transcriptomics_GC-BS-C2-RNA.tar.gz'
 'GLDS-138_transcriptomics_GC-BS-C3-RNA.tar.gz'
 'GLDS-138_transcriptomics_GC-BS-C4-RNA.tar.gz'
 'GLDS-138_proteomics_BRIC-23_Bacillus_processed.tar.gz'
 'GLDS-138_proteomics_BRIC-23_Bacillus_raw.tar.gz'
 'GLDS-138_metabolomics_Data_Dictionary_Fiehn_laboratory_GCTOF_MS_primary_metabolism_10-15-2013_general .pdf'
 'GLDS-138_metabolomics_mx 367428_NASA_bacteria cells_09-2017_submit .csv'
 'GLDS-138_metabolomics_mx 340473_349158_CSH-QTOF MSMS_lipidomics_09-2017_submit.csv'
 'GLDS-138_metabolomics_Data Dictionary Fiehn laboratory_Lipidomics_CSH QTOF lipidomics .pdf'
 'GLDS-138_metabolomics_BRIC-23_BS_raw_GC.tar.gz'
 'GLDS-138_metabolomics_BRIC-23_BS_LC_raw.tar.gz'
 'GLDS-138_metabolomics_BRIC-23_BS_LC_raw_mzML.tar.gz'
 'GLDS-138_rna_seq_Bsub_168_cells_FLT_Rep2_BS-A2_R1_raw.fastq.gz'
 'GLDS-138_rna_seq_Bsub_168_cells_FLT_Rep9_BS-C4_R1_raw.fastq.gz'
 'GLDS-138_rna_seq_Bsub_168_cells_GC_Rep6_BS-C1_R1_raw.fastq.gz'
 'GLDS-138_rna_seq_Bsub_168_cells_GC_Rep3_BS-A3_R1_raw.fastq.gz'
 'GLDS-138_rna_seq_Bsub_168_cells_FLT_Rep7_BS-C2_R1_raw.fastq.gz'
 'GLDS-138_rna_seq_Bsub_168_cells_GC_Rep5_BS-A5_R1_raw.fastq.gz'
 'GLDS-138_rna_seq_Bsub_168_cells_FLT_Rep8_BS-C3_R1_raw.fastq.gz'
 'GLDS-138_rna_seq_Bsub_168_cells_GC_Rep1_BS-A1_R1_raw.fastq.gz'
 'GLDS-138_rna_seq_Bsub_168_cells_FLT_Rep5_BS-A5_R1_raw.fastq.gz'
 'GLDS-138_rna_seq_Bsub_168_cells_FLT_Rep1_BS-A1_R1_raw.fastq.gz'
 'GLDS-138_rna_seq_Bsub_168_cells_FLT_Rep3_BS-A3_R1_raw.fastq.gz'
 'GLDS-138_rna_seq_Bsub_168_cells_GC_Rep7_BS-C2_R1_raw.fastq.gz'
 'GLDS-138_rna_seq_Bsub_168_cells_GC_Rep8_BS-C3_R1_raw.fastq.gz'
 'GLDS-138_rna_seq_Bsub_168_cells_GC_Rep9_BS-C4_R1_raw.fastq.gz'
 'GLDS-138_rna_seq_Bsub_168_cells_FLT_Rep6_BS-C1_R1_raw.fastq.gz'
 'GLDS-138_rna_seq_Bsub_168_cells_FLT_Rep4_BS-A4_R1_raw.fastq.gz'
 'GLDS-138_rna_seq_Bsub_168_cells_GC_Rep2_BS-A2_R1_raw.fastq.gz'
 'GLDS-138_rna_seq_Bsub_168_cells_GC_Rep4_BS-A4_R1_raw.fastq.gz'
 'GLDS-138_rna_seq_Bsub_168_cells_FLT_Rep2_BS-A2_R1_trimmed.fastq.gz'
 'GLDS-138_rna_seq_Bsub_168_cells_FLT_Rep9_BS-C4_R1_trimmed.fastq.gz'
 'GLDS-138_rna_seq_Bsub_168_cells_FLT_Rep3_BS-A3_R1_trimmed.fastq.gz'
 'GLDS-138_rna_seq_Bsub_168_cells_GC_Rep1_BS-A1_R1_trimmed.fastq.gz'
 'GLDS-138_rna_seq_Bsub_168_cells_GC_Rep6_BS-C1_R1_trimmed.fastq.gz'
 'GLDS-138_rna_seq_Bsub_168_cells_GC_Rep7_BS-C2_R1_trimmed.fastq.gz'
 'GLDS-138_rna_seq_Bsub_168_cells_GC_Rep8_BS-C3_R1_trimmed.fastq.gz'
 'GLDS-138_rna_seq_Bsub_168_cells_FLT_Rep8_BS-C3_R1_trimmed.fastq.gz'
 'GLDS-138_rna_seq_Bsub_168_cells_GC_Rep2_BS-A2_R1_trimmed.fastq.gz'
 'GLDS-138_rna_seq_Bsub_168_cells_FLT_Rep7_BS-C2_R1_trimmed.fastq.gz'
 'GLDS-138_rna_seq_Bsub_168_cells_FLT_Rep1_BS-A1_R1_trimmed.fastq.gz'
 'GLDS-138_rna_seq_Bsub_168_cells_GC_Rep4_BS-A4_R1_trimmed.fastq.gz'
 'GLDS-138_rna_seq_Bsub_168_cells_GC_Rep9_BS-C4_R1_trimmed.fastq.gz'
 'GLDS-138_rna_seq_Bsub_168_cells_FLT_Rep5_BS-A5_R1_trimmed.fastq.gz'
 'GLDS-138_rna_seq_Bsub_168_cells_FLT_Rep6_BS-C1_R1_trimmed.fastq.gz'
 'GLDS-138_rna_seq_Bsub_168_cells_GC_Rep3_BS-A3_R1_trimmed.fastq.gz'
 'GLDS-138_rna_seq_raw_multiqc_data.zip'
 'GLDS-138_rna_seq_Unnormalized_Counts.csv'
 'GLDS-138_rna_seq_Bsub_168_cells_GC_Rep5_BS-A5.isoforms.results'
 'GLDS-138_rna_seq_Bsub_168_cells_FLT_Rep1_BS-A1.genes.results'
 'GLDS-138_rna_seq_Bsub_168_cells_GC_Rep9_BS-C4.isoforms.results'
 'GLDS-138_rna_seq_Bsub_168_cells_GC_Rep4_BS-A4_SJ.out.tab'
 'GLDS-138_rna_seq_Bsub_168_cells_GC_Rep7_BS-C2.genes.results'
 'GLDS-138_rna_seq_Bsub_168_cells_FLT_Rep4_BS-A4_SJ.out.tab'
 'GLDS-138_rna_seq_Bsub_168_cells_GC_Rep5_BS-A5_SJ.out.tab'
 'GLDS-138_rna_seq_Bsub_168_cells_GC_Rep4_BS-A4.isoforms.results'
 'GLDS-138_rna_seq_Bsub_168_cells_FLT_Rep2_BS-A2.isoforms.results'
 'GLDS-138_rna_seq_Bsub_168_cells_GC_Rep8_BS-C3.isoforms.results'
 'GLDS-138_rna_seq_Bsub_168_cells_FLT_Rep2_BS-A2_Log.final.out'
 'GLDS-138_rna_seq_Bsub_168_cells_GC_Rep8_BS-C3_Log.final.out'
 'GLDS-138_rna_seq_Bsub_168_cells_GC_Rep5_BS-A5.genes.results'
 'GLDS-138_rna_seq_Bsub_168_cells_FLT_Rep9_BS-C4.isoforms.results'
 'GLDS-138_rna_seq_Bsub_168_cells_GC_Rep3_BS-A3_Log.final.out'
 'GLDS-138_rna_seq_Bsub_168_cells_GC_Rep4_BS-A4.genes.results'
 'GLDS-138_rna_seq_Bsub_168_cells_FLT_Rep1_BS-A1.isoforms.results'
 'GLDS-138_rna_seq_Bsub_168_cells_GC_Rep1_BS-A1.genes.results'
 'GLDS-138_rna_seq_Bsub_168_cells_FLT_Rep5_BS-A5_Log.final.out'
 'GLDS-138_rna_seq_Bsub_168_cells_GC_Rep2_BS-A2.isoforms.results'
 'GLDS-138_rna_seq_Bsub_168_cells_FLT_Rep4_BS-A4_Log.final.out'
 'GLDS-138_rna_seq_Bsub_168_cells_FLT_Rep5_BS-A5_SJ.out.tab'
 'GLDS-138_rna_seq_Bsub_168_cells_FLT_Rep5_BS-A5.isoforms.results'
 'GLDS-138_rna_seq_Bsub_168_cells_GC_Rep5_BS-A5_Log.final.out'
 'GLDS-138_rna_seq_Bsub_168_cells_GC_Rep1_BS-A1_Log.final.out'
 'GLDS-138_rna_seq_Bsub_168_cells_FLT_Rep3_BS-A3_SJ.out.tab'
 'GLDS-138_rna_seq_Bsub_168_cells_FLT_Rep4_BS-A4.genes.results'
 'GLDS-138_rna_seq_Bsub_168_cells_GC_Rep6_BS-C1_Log.final.out'
 'GLDS-138_rna_seq_Bsub_168_cells_GC_Rep4_BS-A4_Log.final.out'
 'GLDS-138_rna_seq_Bsub_168_cells_FLT_Rep9_BS-C4_Log.final.out'
 'GLDS-138_rna_seq_Bsub_168_cells_GC_Rep8_BS-C3_SJ.out.tab'
 'GLDS-138_rna_seq_Bsub_168_cells_GC_Rep9_BS-C4.genes.results'
 'GLDS-138_rna_seq_Bsub_168_cells_FLT_Rep9_BS-C4.genes.results'
 'GLDS-138_rna_seq_Bsub_168_cells_FLT_Rep6_BS-C1.genes.results'
 'GLDS-138_rna_seq_Bsub_168_cells_FLT_Rep7_BS-C2_Log.final.out'
 'GLDS-138_rna_seq_Bsub_168_cells_FLT_Rep7_BS-C2.genes.results'
 'GLDS-138_rna_seq_Bsub_168_cells_FLT_Rep5_BS-A5.genes.results'
 'GLDS-138_rna_seq_Bsub_168_cells_FLT_Rep3_BS-A3.isoforms.results'
 'GLDS-138_rna_seq_Bsub_168_cells_FLT_Rep6_BS-C1_Log.final.out'
 'GLDS-138_rna_seq_Bsub_168_cells_FLT_Rep7_BS-C2.isoforms.results'
 'GLDS-138_rna_seq_Bsub_168_cells_GC_Rep8_BS-C3.genes.results'
 'GLDS-138_rna_seq_Bsub_168_cells_FLT_Rep2_BS-A2.genes.results'
 'GLDS-138_rna_seq_Bsub_168_cells_GC_Rep2_BS-A2_SJ.out.tab'
 'GLDS-138_rna_seq_Bsub_168_cells_FLT_Rep1_BS-A1_SJ.out.tab'
 'GLDS-138_rna_seq_Bsub_168_cells_GC_Rep7_BS-C2_Log.final.out'
 'GLDS-138_rna_seq_Bsub_168_cells_GC_Rep3_BS-A3_SJ.out.tab'
 'GLDS-138_rna_seq_Bsub_168_cells_FLT_Rep9_BS-C4_SJ.out.tab'
 'GLDS-138_rna_seq_Bsub_168_cells_GC_Rep6_BS-C1_SJ.out.tab'
 'GLDS-138_rna_seq_Bsub_168_cells_GC_Rep6_BS-C1.isoforms.results'
 'GLDS-138_rna_seq_Bsub_168_cells_GC_Rep9_BS-C4_SJ.out.tab'
 'GLDS-138_rna_seq_Bsub_168_cells_FLT_Rep2_BS-A2_SJ.out.tab'
 'GLDS-138_rna_seq_Bsub_168_cells_GC_Rep7_BS-C2.isoforms.results'
 'GLDS-138_rna_seq_Bsub_168_cells_FLT_Rep7_BS-C2_SJ.out.tab'
 'GLDS-138_rna_seq_Bsub_168_cells_FLT_Rep3_BS-A3_Log.final.out'
 'GLDS-138_rna_seq_Bsub_168_cells_FLT_Rep3_BS-A3.genes.results'
 'GLDS-138_rna_seq_Bsub_168_cells_FLT_Rep4_BS-A4.isoforms.results'
 'GLDS-138_rna_seq_Bsub_168_cells_GC_Rep7_BS-C2_SJ.out.tab'
 'GLDS-138_rna_seq_contrasts.csv'
 'GLDS-138_rna_seq_Bsub_168_cells_GC_Rep1_BS-A1_SJ.out.tab'
 'GLDS-138_rna_seq_Bsub_168_cells_GC_Rep3_BS-A3.isoforms.results'
 'GLDS-138_rna_seq_Bsub_168_cells_GC_Rep3_BS-A3.genes.results'
 'GLDS-138_rna_seq_Bsub_168_cells_GC_Rep1_BS-A1.isoforms.results'
 'GLDS-138_rna_seq_Bsub_168_cells_FLT_Rep6_BS-C1.isoforms.results'
 'GLDS-138_rna_seq_Bsub_168_cells_FLT_Rep8_BS-C3_SJ.out.tab'
 'GLDS-138_rna_seq_Bsub_168_cells_GC_Rep2_BS-A2_Log.final.out'
 'GLDS-138_rna_seq_Bsub_168_cells_FLT_Rep8_BS-C3.isoforms.results'
 'GLDS-138_rna_seq_Bsub_168_cells_FLT_Rep8_BS-C3_Log.final.out'
 'GLDS-138_rna_seq_Normalized_Counts.csv'
 'GLDS-138_rna_seq_Bsub_168_cells_FLT_Rep1_BS-A1_Log.final.out'
 'GLDS-138_rna_seq_Bsub_168_cells_GC_Rep6_BS-C1.genes.results'
 'GLDS-138_rna_seq_Bsub_168_cells_GC_Rep2_BS-A2.genes.results'
 'GLDS-138_rna_seq_Bsub_168_cells_GC_Rep6_BS-C1_Aligned.sortedByCoord.out.bam'
 'GLDS-138_rna_seq_Bsub_168_cells_FLT_Rep2_BS-A2_Aligned.sortedByCoord.out.bam'
 'GLDS-138_rna_seq_Bsub_168_cells_FLT_Rep9_BS-C4_Aligned.sortedByCoord.out.bam'
 'GLDS-138_rna_seq_Bsub_168_cells_FLT_Rep5_BS-A5_Aligned.sortedByCoord.out.bam'
 'GLDS-138_rna_seq_Bsub_168_cells_GC_Rep1_BS-A1_Aligned.sortedByCoord.out.bam'
 'GLDS-138_rna_seq_Bsub_168_cells_GC_Rep8_BS-C3_Aligned.sortedByCoord.out.bam'
 'GLDS-138_rna_seq_Bsub_168_cells_FLT_Rep8_BS-C3_Aligned.sortedByCoord.out.bam'
 'GLDS-138_rna_seq_Bsub_168_cells_FLT_Rep3_BS-A3_Aligned.sortedByCoord.out.bam'
 'GLDS-138_rna_seq_Bsub_168_cells_GC_Rep5_BS-A5_Aligned.sortedByCoord.out.bam'
 'GLDS-138_rna_seq_Bsub_168_cells_FLT_Rep1_BS-A1_Aligned.sortedByCoord.out.bam'
 'GLDS-138_rna_seq_Bsub_168_cells_GC_Rep3_BS-A3_Aligned.sortedByCoord.out.bam'
 'GLDS-138_rna_seq_Bsub_168_cells_FLT_Rep6_BS-C1_Aligned.sortedByCoord.out.bam'
 'GLDS-138_rna_seq_Bsub_168_cells_GC_Rep7_BS-C2_Aligned.sortedByCoord.out.bam'
 'GLDS-138_rna_seq_Bsub_168_cells_GC_Rep9_BS-C4_Aligned.sortedByCoord.out.bam'
 'GLDS-138_rna_seq_Bsub_168_cells_GC_Rep2_BS-A2_Aligned.sortedByCoord.out.bam'
 'GLDS-138_rna_seq_Bsub_168_cells_FLT_Rep2_BS-A2_Aligned.toTranscriptome.out.bam'
 'GLDS-138_rna_seq_Bsub_168_cells_FLT_Rep7_BS-C2_Aligned.sortedByCoord.out.bam'
 'GLDS-138_rna_seq_Bsub_168_cells_GC_Rep3_BS-A3_Aligned.toTranscriptome.out.bam'
 'GLDS-138_rna_seq_Bsub_168_cells_GC_Rep1_BS-A1_Aligned.toTranscriptome.out.bam'
 'GLDS-138_rna_seq_Bsub_168_cells_FLT_Rep5_BS-A5_Aligned.toTranscriptome.out.bam'
 'GLDS-138_rna_seq_Bsub_168_cells_GC_Rep9_BS-C4_Aligned.toTranscriptome.out.bam'
 'GLDS-138_rna_seq_Bsub_168_cells_FLT_Rep4_BS-A4_Aligned.toTranscriptome.out.bam'
 'GLDS-138_rna_seq_Bsub_168_cells_FLT_Rep9_BS-C4_Aligned.toTranscriptome.out.bam'
 'GLDS-138_rna_seq_Bsub_168_cells_GC_Rep6_BS-C1_Aligned.toTranscriptome.out.bam'
 'GLDS-138_rna_seq_Bsub_168_cells_GC_Rep8_BS-C3_Aligned.toTranscriptome.out.bam'
 'GLDS-138_rna_seq_Bsub_168_cells_GC_Rep5_BS-A5_Aligned.toTranscriptome.out.bam'
 'GLDS-138_rna_seq_Bsub_168_cells_FLT_Rep3_BS-A3_Aligned.toTranscriptome.out.bam'
 'GLDS-138_rna_seq_Bsub_168_cells_FLT_Rep8_BS-C3_Aligned.toTranscriptome.out.bam'
 'GLDS-138_rna_seq_Bsub_168_cells_GC_Rep4_BS-A4_Aligned.toTranscriptome.out.bam'
 'GLDS-138_rna_seq_Bsub_168_cells_GC_Rep2_BS-A2_Aligned.toTranscriptome.out.bam'
 'GLDS-138_rna_seq_Bsub_168_cells_FLT_Rep7_BS-C2_Aligned.toTranscriptome.out.bam'
 'GLDS-138_rna_seq_Bsub_168_cells_FLT_Rep1_BS-A1_Aligned.toTranscriptome.out.bam'
 'GLDS-138_rna_seq_Bsub_168_cells_FLT_Rep6_BS-C1_Aligned.toTranscriptome.out.bam'
 'GLDS-138_rna_seq_Bsub_168_cells_GC_Rep4_BS-A4_Aligned.sortedByCoord.out.bam'
 'GLDS-138_rna_seq_Bsub_168_cells_FLT_Rep4_BS-A4_Aligned.sortedByCoord.out.bam'
 'GLDS-138_rna_seq_Bsub_168_cells_GC_Rep7_BS-C2_Aligned.toTranscriptome.out.bam'
 'GLDS-138_rna_seq_differential_expression.csv']'
